22-Jul-2026 14:45:19.989 WARNING [main] org.apache.catalina.startup.ClassLoaderFactory.validateFile Problem with directory [/usr/local/tomcat/lib/mysql], exists: [false], isDirectory: [false], canRead: [false]
22-Jul-2026 14:45:20.619 INFO [main] org.apache.catalina.startup.VersionLoggerListener.log Server version name:   Apache Tomcat/9.0.78
22-Jul-2026 14:45:20.620 INFO [main] org.apache.catalina.startup.VersionLoggerListener.log Server built:          Jul 4 2023 13:15:43 UTC
22-Jul-2026 14:45:20.620 INFO [main] org.apache.catalina.startup.VersionLoggerListener.log Server version number: 9.0.78.0
22-Jul-2026 14:45:20.620 INFO [main] org.apache.catalina.startup.VersionLoggerListener.log OS Name:               Linux
22-Jul-2026 14:45:20.620 INFO [main] org.apache.catalina.startup.VersionLoggerListener.log OS Version:            6.15.10-200.fc42.x86_64
22-Jul-2026 14:45:20.620 INFO [main] org.apache.catalina.startup.VersionLoggerListener.log Architecture:          amd64
22-Jul-2026 14:45:20.621 INFO [main] org.apache.catalina.startup.VersionLoggerListener.log Java Home:             /opt/java/openjdk
22-Jul-2026 14:45:20.621 INFO [main] org.apache.catalina.startup.VersionLoggerListener.log JVM Version:           11.0.20+8
22-Jul-2026 14:45:20.621 INFO [main] org.apache.catalina.startup.VersionLoggerListener.log JVM Vendor:            Eclipse Adoptium
22-Jul-2026 14:45:20.621 INFO [main] org.apache.catalina.startup.VersionLoggerListener.log CATALINA_BASE:         /usr/local/tomcat
22-Jul-2026 14:45:20.621 INFO [main] org.apache.catalina.startup.VersionLoggerListener.log CATALINA_HOME:         /usr/local/tomcat
22-Jul-2026 14:45:20.624 INFO [main] org.apache.catalina.startup.VersionLoggerListener.log Command line argument: --add-opens=java.base/java.lang=ALL-UNNAMED
22-Jul-2026 14:45:20.624 INFO [main] org.apache.catalina.startup.VersionLoggerListener.log Command line argument: --add-opens=java.base/java.io=ALL-UNNAMED
22-Jul-2026 14:45:20.624 INFO [main] org.apache.catalina.startup.VersionLoggerListener.log Command line argument: --add-opens=java.base/java.util=ALL-UNNAMED
22-Jul-2026 14:45:20.624 INFO [main] org.apache.catalina.startup.VersionLoggerListener.log Command line argument: --add-opens=java.base/java.util.concurrent=ALL-UNNAMED
22-Jul-2026 14:45:20.624 INFO [main] org.apache.catalina.startup.VersionLoggerListener.log Command line argument: --add-opens=java.rmi/sun.rmi.transport=ALL-UNNAMED
22-Jul-2026 14:45:20.624 INFO [main] org.apache.catalina.startup.VersionLoggerListener.log Command line argument: -Djava.util.logging.config.file=/usr/local/tomcat/conf/logging.properties
22-Jul-2026 14:45:20.625 INFO [main] org.apache.catalina.startup.VersionLoggerListener.log Command line argument: -Djava.util.logging.manager=org.apache.juli.ClassLoaderLogManager
22-Jul-2026 14:45:20.625 INFO [main] org.apache.catalina.startup.VersionLoggerListener.log Command line argument: -Djdk.tls.ephemeralDHKeySize=2048
22-Jul-2026 14:45:20.625 INFO [main] org.apache.catalina.startup.VersionLoggerListener.log Command line argument: -Djava.protocol.handler.pkgs=org.apache.catalina.webresources
22-Jul-2026 14:45:20.625 INFO [main] org.apache.catalina.startup.VersionLoggerListener.log Command line argument: -Dorg.apache.catalina.security.SecurityListener.UMASK=0027
22-Jul-2026 14:45:20.625 INFO [main] org.apache.catalina.startup.VersionLoggerListener.log Command line argument: -agentlib:jdwp=transport=dt_socket,address=8000,server=y,suspend=n
22-Jul-2026 14:45:20.625 INFO [main] org.apache.catalina.startup.VersionLoggerListener.log Command line argument: -Dignore.endorsed.dirs=
22-Jul-2026 14:45:20.625 INFO [main] org.apache.catalina.startup.VersionLoggerListener.log Command line argument: -Dcatalina.base=/usr/local/tomcat
22-Jul-2026 14:45:20.625 INFO [main] org.apache.catalina.startup.VersionLoggerListener.log Command line argument: -Dcatalina.home=/usr/local/tomcat
22-Jul-2026 14:45:20.625 INFO [main] org.apache.catalina.startup.VersionLoggerListener.log Command line argument: -Djava.io.tmpdir=/usr/local/tomcat/temp
22-Jul-2026 14:45:20.642 INFO [main] org.apache.catalina.core.AprLifecycleListener.lifecycleEvent Loaded Apache Tomcat Native library [1.2.37] using APR version [1.7.0].
22-Jul-2026 14:45:20.642 INFO [main] org.apache.catalina.core.AprLifecycleListener.lifecycleEvent APR capabilities: IPv6 [true], sendfile [true], accept filters [false], random [true], UDS [true].
22-Jul-2026 14:45:20.643 INFO [main] org.apache.catalina.core.AprLifecycleListener.lifecycleEvent APR/OpenSSL configuration: useAprConnector [false], useOpenSSL [true]
22-Jul-2026 14:45:20.652 INFO [main] org.apache.catalina.core.AprLifecycleListener.initializeSSL OpenSSL successfully initialized [OpenSSL 3.0.2 15 Mar 2022]
22-Jul-2026 14:45:21.591 INFO [main] org.apache.coyote.AbstractProtocol.init Initializing ProtocolHandler ["http-nio-8080"]
22-Jul-2026 14:45:21.632 INFO [main] org.apache.catalina.startup.Catalina.load Server initialization in [1497] milliseconds
22-Jul-2026 14:45:21.760 INFO [main] org.apache.catalina.core.StandardService.startInternal Starting service [Catalina]
22-Jul-2026 14:45:21.761 INFO [main] org.apache.catalina.core.StandardEngine.startInternal Starting Servlet engine: [Apache Tomcat/9.0.78]
22-Jul-2026 14:45:21.795 INFO [main] org.apache.catalina.startup.HostConfig.deployWAR Deploying web application archive [/usr/local/tomcat/webapps/europass2#edci-issuer.war]
22-Jul-2026 14:46:43.672 SEVERE [main] org.apache.catalina.core.StandardContext.startInternal One or more listeners failed to start. Full details will be found in the appropriate container log file
22-Jul-2026 14:46:43.695 SEVERE [main] org.apache.catalina.core.StandardContext.startInternal Context [/europass2/edci-issuer] startup failed due to previous errors
22-Jul-2026 14:46:44.078 WARNING [main] org.apache.catalina.loader.WebappClassLoaderBase.clearReferencesThreads The web application [europass2#edci-issuer] appears to have started a thread named [Log4j2-TF-5-Scheduled-1] but has failed to stop it. This is very likely to create a memory leak. Stack trace of thread:
 java.base@11.0.20/jdk.internal.misc.Unsafe.park(Native Method)
 java.base@11.0.20/java.util.concurrent.locks.LockSupport.parkNanos(LockSupport.java:234)
 java.base@11.0.20/java.util.concurrent.locks.AbstractQueuedSynchronizer$ConditionObject.awaitNanos(AbstractQueuedSynchronizer.java:2123)
 java.base@11.0.20/java.util.concurrent.ScheduledThreadPoolExecutor$DelayedWorkQueue.take(ScheduledThreadPoolExecutor.java:1182)
 java.base@11.0.20/java.util.concurrent.ScheduledThreadPoolExecutor$DelayedWorkQueue.take(ScheduledThreadPoolExecutor.java:899)
 java.base@11.0.20/java.util.concurrent.ThreadPoolExecutor.getTask(ThreadPoolExecutor.java:1054)
 java.base@11.0.20/java.util.concurrent.ThreadPoolExecutor.runWorker(ThreadPoolExecutor.java:1114)
 java.base@11.0.20/java.util.concurrent.ThreadPoolExecutor$Worker.run(ThreadPoolExecutor.java:628)
 java.base@11.0.20/java.lang.Thread.run(Thread.java:829)
22-Jul-2026 14:46:44.081 SEVERE [main] org.apache.catalina.loader.WebappClassLoaderBase.checkThreadLocalMapForLeaks The web application [europass2#edci-issuer] created a ThreadLocal with key of type [java.lang.ThreadLocal.SuppliedThreadLocal] (value [java.lang.ThreadLocal$SuppliedThreadLocal@71328e69]) and a value of type [org.apache.logging.log4j.internal.DefaultLogBuilder] (value [org.apache.logging.log4j.internal.DefaultLogBuilder@47cccf9a]) but failed to remove it when the web application was stopped. Threads are going to be renewed over time to try and avoid a probable memory leak.
22-Jul-2026 14:46:44.095 INFO [main] org.apache.catalina.startup.HostConfig.deployWAR Deployment of web application archive [/usr/local/tomcat/webapps/europass2#edci-issuer.war] has finished in [82,300] ms
22-Jul-2026 14:46:44.097 INFO [main] org.apache.catalina.startup.HostConfig.deployWAR Deploying web application archive [/usr/local/tomcat/webapps/europass2#edci-issuer-swaggerUI.war]
22-Jul-2026 14:47:01.224 WARNING [main] org.apache.catalina.startup.ClassLoaderFactory.validateFile Problem with directory [/usr/local/tomcat/lib/mysql], exists: [false], isDirectory: [false], canRead: [false]
22-Jul-2026 14:47:01.960 INFO [main] org.apache.catalina.startup.VersionLoggerListener.log Server version name:   Apache Tomcat/9.0.78
22-Jul-2026 14:47:01.961 INFO [main] org.apache.catalina.startup.VersionLoggerListener.log Server built:          Jul 4 2023 13:15:43 UTC
22-Jul-2026 14:47:01.962 INFO [main] org.apache.catalina.startup.VersionLoggerListener.log Server version number: 9.0.78.0
22-Jul-2026 14:47:01.962 INFO [main] org.apache.catalina.startup.VersionLoggerListener.log OS Name:               Linux
22-Jul-2026 14:47:01.962 INFO [main] org.apache.catalina.startup.VersionLoggerListener.log OS Version:            6.15.10-200.fc42.x86_64
22-Jul-2026 14:47:01.962 INFO [main] org.apache.catalina.startup.VersionLoggerListener.log Architecture:          amd64
22-Jul-2026 14:47:01.962 INFO [main] org.apache.catalina.startup.VersionLoggerListener.log Java Home:             /opt/java/openjdk
22-Jul-2026 14:47:01.963 INFO [main] org.apache.catalina.startup.VersionLoggerListener.log JVM Version:           11.0.20+8
22-Jul-2026 14:47:01.963 INFO [main] org.apache.catalina.startup.VersionLoggerListener.log JVM Vendor:            Eclipse Adoptium
22-Jul-2026 14:47:01.963 INFO [main] org.apache.catalina.startup.VersionLoggerListener.log CATALINA_BASE:         /usr/local/tomcat
22-Jul-2026 14:47:01.963 INFO [main] org.apache.catalina.startup.VersionLoggerListener.log CATALINA_HOME:         /usr/local/tomcat
22-Jul-2026 14:47:01.965 INFO [main] org.apache.catalina.startup.VersionLoggerListener.log Command line argument: --add-opens=java.base/java.lang=ALL-UNNAMED
22-Jul-2026 14:47:01.965 INFO [main] org.apache.catalina.startup.VersionLoggerListener.log Command line argument: --add-opens=java.base/java.io=ALL-UNNAMED
22-Jul-2026 14:47:01.965 INFO [main] org.apache.catalina.startup.VersionLoggerListener.log Command line argument: --add-opens=java.base/java.util=ALL-UNNAMED
22-Jul-2026 14:47:01.966 INFO [main] org.apache.catalina.startup.VersionLoggerListener.log Command line argument: --add-opens=java.base/java.util.concurrent=ALL-UNNAMED
22-Jul-2026 14:47:01.966 INFO [main] org.apache.catalina.startup.VersionLoggerListener.log Command line argument: --add-opens=java.rmi/sun.rmi.transport=ALL-UNNAMED
22-Jul-2026 14:47:01.966 INFO [main] org.apache.catalina.startup.VersionLoggerListener.log Command line argument: -Djava.util.logging.config.file=/usr/local/tomcat/conf/logging.properties
22-Jul-2026 14:47:01.966 INFO [main] org.apache.catalina.startup.VersionLoggerListener.log Command line argument: -Djava.util.logging.manager=org.apache.juli.ClassLoaderLogManager
22-Jul-2026 14:47:01.966 INFO [main] org.apache.catalina.startup.VersionLoggerListener.log Command line argument: -Djdk.tls.ephemeralDHKeySize=2048
22-Jul-2026 14:47:01.967 INFO [main] org.apache.catalina.startup.VersionLoggerListener.log Command line argument: -Djava.protocol.handler.pkgs=org.apache.catalina.webresources
22-Jul-2026 14:47:01.967 INFO [main] org.apache.catalina.startup.VersionLoggerListener.log Command line argument: -Dorg.apache.catalina.security.SecurityListener.UMASK=0027
22-Jul-2026 14:47:01.967 INFO [main] org.apache.catalina.startup.VersionLoggerListener.log Command line argument: -agentlib:jdwp=transport=dt_socket,address=8000,server=y,suspend=n
22-Jul-2026 14:47:01.967 INFO [main] org.apache.catalina.startup.VersionLoggerListener.log Command line argument: -Dignore.endorsed.dirs=
22-Jul-2026 14:47:01.968 INFO [main] org.apache.catalina.startup.VersionLoggerListener.log Command line argument: -Dcatalina.base=/usr/local/tomcat
22-Jul-2026 14:47:01.968 INFO [main] org.apache.catalina.startup.VersionLoggerListener.log Command line argument: -Dcatalina.home=/usr/local/tomcat
22-Jul-2026 14:47:01.968 INFO [main] org.apache.catalina.startup.VersionLoggerListener.log Command line argument: -Djava.io.tmpdir=/usr/local/tomcat/temp
22-Jul-2026 14:47:02.000 INFO [main] org.apache.catalina.core.AprLifecycleListener.lifecycleEvent Loaded Apache Tomcat Native library [1.2.37] using APR version [1.7.0].
22-Jul-2026 14:47:02.000 INFO [main] org.apache.catalina.core.AprLifecycleListener.lifecycleEvent APR capabilities: IPv6 [true], sendfile [true], accept filters [false], random [true], UDS [true].
22-Jul-2026 14:47:02.000 INFO [main] org.apache.catalina.core.AprLifecycleListener.lifecycleEvent APR/OpenSSL configuration: useAprConnector [false], useOpenSSL [true]
22-Jul-2026 14:47:02.055 INFO [main] org.apache.catalina.core.AprLifecycleListener.initializeSSL OpenSSL successfully initialized [OpenSSL 3.0.2 15 Mar 2022]
22-Jul-2026 14:47:03.036 INFO [main] org.apache.coyote.AbstractProtocol.init Initializing ProtocolHandler ["http-nio-8080"]
22-Jul-2026 14:47:03.099 INFO [main] org.apache.catalina.startup.Catalina.load Server initialization in [1629] milliseconds
22-Jul-2026 14:47:03.201 INFO [main] org.apache.catalina.core.StandardService.startInternal Starting service [Catalina]
22-Jul-2026 14:47:03.201 INFO [main] org.apache.catalina.core.StandardEngine.startInternal Starting Servlet engine: [Apache Tomcat/9.0.78]
22-Jul-2026 14:47:03.221 INFO [main] org.apache.catalina.startup.HostConfig.deployWAR Deploying web application archive [/usr/local/tomcat/webapps/europass2#edci-issuer.war]
22-Jul-2026 14:47:03.242 INFO [main] org.apache.catalina.startup.ExpandWar.expand An expanded directory [/usr/local/tomcat/webapps/europass2#edci-issuer] was found with a last modified time that did not match the associated WAR. It will be deleted.
22-Jul-2026 14:47:31.012 SEVERE [main] org.apache.catalina.core.StandardContext.startInternal One or more listeners failed to start. Full details will be found in the appropriate container log file
22-Jul-2026 14:47:31.023 SEVERE [main] org.apache.catalina.core.StandardContext.startInternal Context [/europass2/edci-issuer] startup failed due to previous errors
22-Jul-2026 14:47:31.215 WARNING [main] org.apache.catalina.loader.WebappClassLoaderBase.clearReferencesThreads The web application [europass2#edci-issuer] appears to have started a thread named [Log4j2-TF-5-Scheduled-1] but has failed to stop it. This is very likely to create a memory leak. Stack trace of thread:
 java.base@11.0.20/jdk.internal.misc.Unsafe.park(Native Method)
 java.base@11.0.20/java.util.concurrent.locks.LockSupport.parkNanos(LockSupport.java:234)
 java.base@11.0.20/java.util.concurrent.locks.AbstractQueuedSynchronizer$ConditionObject.awaitNanos(AbstractQueuedSynchronizer.java:2123)
 java.base@11.0.20/java.util.concurrent.ScheduledThreadPoolExecutor$DelayedWorkQueue.take(ScheduledThreadPoolExecutor.java:1182)
 java.base@11.0.20/java.util.concurrent.ScheduledThreadPoolExecutor$DelayedWorkQueue.take(ScheduledThreadPoolExecutor.java:899)
 java.base@11.0.20/java.util.concurrent.ThreadPoolExecutor.getTask(ThreadPoolExecutor.java:1054)
 java.base@11.0.20/java.util.concurrent.ThreadPoolExecutor.runWorker(ThreadPoolExecutor.java:1114)
 java.base@11.0.20/java.util.concurrent.ThreadPoolExecutor$Worker.run(ThreadPoolExecutor.java:628)
 java.base@11.0.20/java.lang.Thread.run(Thread.java:829)
22-Jul-2026 14:47:31.218 SEVERE [main] org.apache.catalina.loader.WebappClassLoaderBase.checkThreadLocalMapForLeaks The web application [europass2#edci-issuer] created a ThreadLocal with key of type [java.lang.ThreadLocal.SuppliedThreadLocal] (value [java.lang.ThreadLocal$SuppliedThreadLocal@661d038e]) and a value of type [org.apache.logging.log4j.internal.DefaultLogBuilder] (value [org.apache.logging.log4j.internal.DefaultLogBuilder@e43e271]) but failed to remove it when the web application was stopped. Threads are going to be renewed over time to try and avoid a probable memory leak.
22-Jul-2026 14:47:31.243 INFO [main] org.apache.catalina.startup.HostConfig.deployWAR Deployment of web application archive [/usr/local/tomcat/webapps/europass2#edci-issuer.war] has finished in [28,022] ms
22-Jul-2026 14:47:31.246 INFO [main] org.apache.catalina.startup.HostConfig.deployWAR Deploying web application archive [/usr/local/tomcat/webapps/europass2#edci-issuer-swaggerUI.war]
22-Jul-2026 14:47:31.252 INFO [main] org.apache.catalina.startup.ExpandWar.expand An expanded directory [/usr/local/tomcat/webapps/europass2#edci-issuer-swaggerUI] was found with a last modified time that did not match the associated WAR. It will be deleted.
22-Jul-2026 14:47:41.539 INFO [main] org.apache.jasper.servlet.TldScanner.scanJars At least one JAR was scanned for TLDs yet contained no TLDs. Enable debug logging for this logger for a complete list of JARs that were scanned but no TLDs were found in them. Skipping unneeded JARs during scanning can improve startup time and JSP compilation time.
22-Jul-2026 14:47:41.595 INFO [main] org.apache.catalina.startup.HostConfig.deployWAR Deployment of web application archive [/usr/local/tomcat/webapps/europass2#edci-issuer-swaggerUI.war] has finished in [10,348] ms
22-Jul-2026 14:47:41.612 INFO [main] org.apache.coyote.AbstractProtocol.start Starting ProtocolHandler ["http-nio-8080"]
22-Jul-2026 14:47:41.660 INFO [main] org.apache.catalina.startup.Catalina.start Server startup in [38560] milliseconds
22-Jul-2026 14:48:40.275 WARNING [main] org.apache.catalina.startup.ClassLoaderFactory.validateFile Problem with directory [/usr/local/tomcat/lib/mysql], exists: [false], isDirectory: [false], canRead: [false]
22-Jul-2026 14:48:40.909 INFO [main] org.apache.catalina.startup.VersionLoggerListener.log Server version name:   Apache Tomcat/9.0.78
22-Jul-2026 14:48:40.911 INFO [main] org.apache.catalina.startup.VersionLoggerListener.log Server built:          Jul 4 2023 13:15:43 UTC
22-Jul-2026 14:48:40.911 INFO [main] org.apache.catalina.startup.VersionLoggerListener.log Server version number: 9.0.78.0
22-Jul-2026 14:48:40.911 INFO [main] org.apache.catalina.startup.VersionLoggerListener.log OS Name:               Linux
22-Jul-2026 14:48:40.911 INFO [main] org.apache.catalina.startup.VersionLoggerListener.log OS Version:            6.15.10-200.fc42.x86_64
22-Jul-2026 14:48:40.912 INFO [main] org.apache.catalina.startup.VersionLoggerListener.log Architecture:          amd64
22-Jul-2026 14:48:40.912 INFO [main] org.apache.catalina.startup.VersionLoggerListener.log Java Home:             /opt/java/openjdk
22-Jul-2026 14:48:40.913 INFO [main] org.apache.catalina.startup.VersionLoggerListener.log JVM Version:           11.0.20+8
22-Jul-2026 14:48:40.913 INFO [main] org.apache.catalina.startup.VersionLoggerListener.log JVM Vendor:            Eclipse Adoptium
22-Jul-2026 14:48:40.914 INFO [main] org.apache.catalina.startup.VersionLoggerListener.log CATALINA_BASE:         /usr/local/tomcat
22-Jul-2026 14:48:40.914 INFO [main] org.apache.catalina.startup.VersionLoggerListener.log CATALINA_HOME:         /usr/local/tomcat
22-Jul-2026 14:48:40.916 INFO [main] org.apache.catalina.startup.VersionLoggerListener.log Command line argument: --add-opens=java.base/java.lang=ALL-UNNAMED
22-Jul-2026 14:48:40.917 INFO [main] org.apache.catalina.startup.VersionLoggerListener.log Command line argument: --add-opens=java.base/java.io=ALL-UNNAMED
22-Jul-2026 14:48:40.917 INFO [main] org.apache.catalina.startup.VersionLoggerListener.log Command line argument: --add-opens=java.base/java.util=ALL-UNNAMED
22-Jul-2026 14:48:40.917 INFO [main] org.apache.catalina.startup.VersionLoggerListener.log Command line argument: --add-opens=java.base/java.util.concurrent=ALL-UNNAMED
22-Jul-2026 14:48:40.917 INFO [main] org.apache.catalina.startup.VersionLoggerListener.log Command line argument: --add-opens=java.rmi/sun.rmi.transport=ALL-UNNAMED
22-Jul-2026 14:48:40.917 INFO [main] org.apache.catalina.startup.VersionLoggerListener.log Command line argument: -Djava.util.logging.config.file=/usr/local/tomcat/conf/logging.properties
22-Jul-2026 14:48:40.917 INFO [main] org.apache.catalina.startup.VersionLoggerListener.log Command line argument: -Djava.util.logging.manager=org.apache.juli.ClassLoaderLogManager
22-Jul-2026 14:48:40.917 INFO [main] org.apache.catalina.startup.VersionLoggerListener.log Command line argument: -Djdk.tls.ephemeralDHKeySize=2048
22-Jul-2026 14:48:40.917 INFO [main] org.apache.catalina.startup.VersionLoggerListener.log Command line argument: -Djava.protocol.handler.pkgs=org.apache.catalina.webresources
22-Jul-2026 14:48:40.917 INFO [main] org.apache.catalina.startup.VersionLoggerListener.log Command line argument: -Dorg.apache.catalina.security.SecurityListener.UMASK=0027
22-Jul-2026 14:48:40.917 INFO [main] org.apache.catalina.startup.VersionLoggerListener.log Command line argument: -agentlib:jdwp=transport=dt_socket,address=8000,server=y,suspend=n
22-Jul-2026 14:48:40.917 INFO [main] org.apache.catalina.startup.VersionLoggerListener.log Command line argument: -Dignore.endorsed.dirs=
22-Jul-2026 14:48:40.917 INFO [main] org.apache.catalina.startup.VersionLoggerListener.log Command line argument: -Dcatalina.base=/usr/local/tomcat
22-Jul-2026 14:48:40.917 INFO [main] org.apache.catalina.startup.VersionLoggerListener.log Command line argument: -Dcatalina.home=/usr/local/tomcat
22-Jul-2026 14:48:40.918 INFO [main] org.apache.catalina.startup.VersionLoggerListener.log Command line argument: -Djava.io.tmpdir=/usr/local/tomcat/temp
22-Jul-2026 14:48:40.950 INFO [main] org.apache.catalina.core.AprLifecycleListener.lifecycleEvent Loaded Apache Tomcat Native library [1.2.37] using APR version [1.7.0].
22-Jul-2026 14:48:40.955 INFO [main] org.apache.catalina.core.AprLifecycleListener.lifecycleEvent APR capabilities: IPv6 [true], sendfile [true], accept filters [false], random [true], UDS [true].
22-Jul-2026 14:48:40.955 INFO [main] org.apache.catalina.core.AprLifecycleListener.lifecycleEvent APR/OpenSSL configuration: useAprConnector [false], useOpenSSL [true]
22-Jul-2026 14:48:40.980 INFO [main] org.apache.catalina.core.AprLifecycleListener.initializeSSL OpenSSL successfully initialized [OpenSSL 3.0.2 15 Mar 2022]
22-Jul-2026 14:48:42.011 INFO [main] org.apache.coyote.AbstractProtocol.init Initializing ProtocolHandler ["http-nio-8080"]
22-Jul-2026 14:48:42.124 INFO [main] org.apache.catalina.startup.Catalina.load Server initialization in [1641] milliseconds
22-Jul-2026 14:48:42.269 INFO [main] org.apache.catalina.core.StandardService.startInternal Starting service [Catalina]
22-Jul-2026 14:48:42.269 INFO [main] org.apache.catalina.core.StandardEngine.startInternal Starting Servlet engine: [Apache Tomcat/9.0.78]
22-Jul-2026 14:48:42.307 INFO [main] org.apache.catalina.startup.HostConfig.deployWAR Deploying web application archive [/usr/local/tomcat/webapps/europass2#edci-issuer.war]
22-Jul-2026 14:48:42.343 INFO [main] org.apache.catalina.startup.ExpandWar.expand An expanded directory [/usr/local/tomcat/webapps/europass2#edci-issuer] was found with a last modified time that did not match the associated WAR. It will be deleted.
22-Jul-2026 14:49:57.760 SEVERE [main] org.apache.catalina.core.StandardContext.startInternal One or more listeners failed to start. Full details will be found in the appropriate container log file
22-Jul-2026 14:49:57.780 SEVERE [main] org.apache.catalina.core.StandardContext.startInternal Context [/europass2/edci-issuer] startup failed due to previous errors
22-Jul-2026 14:49:58.246 WARNING [main] org.apache.catalina.loader.WebappClassLoaderBase.clearReferencesThreads The web application [europass2#edci-issuer] appears to have started a thread named [Log4j2-TF-5-Scheduled-1] but has failed to stop it. This is very likely to create a memory leak. Stack trace of thread:
 java.base@11.0.20/jdk.internal.misc.Unsafe.park(Native Method)
 java.base@11.0.20/java.util.concurrent.locks.LockSupport.parkNanos(LockSupport.java:234)
 java.base@11.0.20/java.util.concurrent.locks.AbstractQueuedSynchronizer$ConditionObject.awaitNanos(AbstractQueuedSynchronizer.java:2123)
 java.base@11.0.20/java.util.concurrent.ScheduledThreadPoolExecutor$DelayedWorkQueue.take(ScheduledThreadPoolExecutor.java:1182)
 java.base@11.0.20/java.util.concurrent.ScheduledThreadPoolExecutor$DelayedWorkQueue.take(ScheduledThreadPoolExecutor.java:899)
 java.base@11.0.20/java.util.concurrent.ThreadPoolExecutor.getTask(ThreadPoolExecutor.java:1054)
 java.base@11.0.20/java.util.concurrent.ThreadPoolExecutor.runWorker(ThreadPoolExecutor.java:1114)
 java.base@11.0.20/java.util.concurrent.ThreadPoolExecutor$Worker.run(ThreadPoolExecutor.java:628)
 java.base@11.0.20/java.lang.Thread.run(Thread.java:829)
22-Jul-2026 14:49:58.248 SEVERE [main] org.apache.catalina.loader.WebappClassLoaderBase.checkThreadLocalMapForLeaks The web application [europass2#edci-issuer] created a ThreadLocal with key of type [java.lang.ThreadLocal.SuppliedThreadLocal] (value [java.lang.ThreadLocal$SuppliedThreadLocal@661d038e]) and a value of type [org.apache.logging.log4j.internal.DefaultLogBuilder] (value [org.apache.logging.log4j.internal.DefaultLogBuilder@e43e271]) but failed to remove it when the web application was stopped. Threads are going to be renewed over time to try and avoid a probable memory leak.
22-Jul-2026 14:49:58.263 INFO [main] org.apache.catalina.startup.HostConfig.deployWAR Deployment of web application archive [/usr/local/tomcat/webapps/europass2#edci-issuer.war] has finished in [75,956] ms
22-Jul-2026 14:49:58.268 INFO [main] org.apache.catalina.startup.HostConfig.deployWAR Deploying web application archive [/usr/local/tomcat/webapps/europass2#edci-issuer-swaggerUI.war]
22-Jul-2026 14:49:58.272 INFO [main] org.apache.catalina.startup.ExpandWar.expand An expanded directory [/usr/local/tomcat/webapps/europass2#edci-issuer-swaggerUI] was found with a last modified time that did not match the associated WAR. It will be deleted.
22-Jul-2026 14:50:16.105 WARNING [main] org.apache.catalina.startup.ClassLoaderFactory.validateFile Problem with directory [/usr/local/tomcat/lib/mysql], exists: [false], isDirectory: [false], canRead: [false]
22-Jul-2026 14:50:17.199 INFO [main] org.apache.catalina.startup.VersionLoggerListener.log Server version name:   Apache Tomcat/9.0.78
22-Jul-2026 14:50:17.200 INFO [main] org.apache.catalina.startup.VersionLoggerListener.log Server built:          Jul 4 2023 13:15:43 UTC
22-Jul-2026 14:50:17.201 INFO [main] org.apache.catalina.startup.VersionLoggerListener.log Server version number: 9.0.78.0
22-Jul-2026 14:50:17.201 INFO [main] org.apache.catalina.startup.VersionLoggerListener.log OS Name:               Linux
22-Jul-2026 14:50:17.201 INFO [main] org.apache.catalina.startup.VersionLoggerListener.log OS Version:            6.15.10-200.fc42.x86_64
22-Jul-2026 14:50:17.201 INFO [main] org.apache.catalina.startup.VersionLoggerListener.log Architecture:          amd64
22-Jul-2026 14:50:17.201 INFO [main] org.apache.catalina.startup.VersionLoggerListener.log Java Home:             /opt/java/openjdk
22-Jul-2026 14:50:17.201 INFO [main] org.apache.catalina.startup.VersionLoggerListener.log JVM Version:           11.0.20+8
22-Jul-2026 14:50:17.202 INFO [main] org.apache.catalina.startup.VersionLoggerListener.log JVM Vendor:            Eclipse Adoptium
22-Jul-2026 14:50:17.202 INFO [main] org.apache.catalina.startup.VersionLoggerListener.log CATALINA_BASE:         /usr/local/tomcat
22-Jul-2026 14:50:17.202 INFO [main] org.apache.catalina.startup.VersionLoggerListener.log CATALINA_HOME:         /usr/local/tomcat
22-Jul-2026 14:50:17.210 INFO [main] org.apache.catalina.startup.VersionLoggerListener.log Command line argument: --add-opens=java.base/java.lang=ALL-UNNAMED
22-Jul-2026 14:50:17.223 INFO [main] org.apache.catalina.startup.VersionLoggerListener.log Command line argument: --add-opens=java.base/java.io=ALL-UNNAMED
22-Jul-2026 14:50:17.223 INFO [main] org.apache.catalina.startup.VersionLoggerListener.log Command line argument: --add-opens=java.base/java.util=ALL-UNNAMED
22-Jul-2026 14:50:17.223 INFO [main] org.apache.catalina.startup.VersionLoggerListener.log Command line argument: --add-opens=java.base/java.util.concurrent=ALL-UNNAMED
22-Jul-2026 14:50:17.224 INFO [main] org.apache.catalina.startup.VersionLoggerListener.log Command line argument: --add-opens=java.rmi/sun.rmi.transport=ALL-UNNAMED
22-Jul-2026 14:50:17.224 INFO [main] org.apache.catalina.startup.VersionLoggerListener.log Command line argument: -Djava.util.logging.config.file=/usr/local/tomcat/conf/logging.properties
22-Jul-2026 14:50:17.224 INFO [main] org.apache.catalina.startup.VersionLoggerListener.log Command line argument: -Djava.util.logging.manager=org.apache.juli.ClassLoaderLogManager
22-Jul-2026 14:50:17.224 INFO [main] org.apache.catalina.startup.VersionLoggerListener.log Command line argument: -Djdk.tls.ephemeralDHKeySize=2048
22-Jul-2026 14:50:17.225 INFO [main] org.apache.catalina.startup.VersionLoggerListener.log Command line argument: -Djava.protocol.handler.pkgs=org.apache.catalina.webresources
22-Jul-2026 14:50:17.225 INFO [main] org.apache.catalina.startup.VersionLoggerListener.log Command line argument: -Dorg.apache.catalina.security.SecurityListener.UMASK=0027
22-Jul-2026 14:50:17.225 INFO [main] org.apache.catalina.startup.VersionLoggerListener.log Command line argument: -agentlib:jdwp=transport=dt_socket,address=8000,server=y,suspend=n
22-Jul-2026 14:50:17.225 INFO [main] org.apache.catalina.startup.VersionLoggerListener.log Command line argument: -Dignore.endorsed.dirs=
22-Jul-2026 14:50:17.225 INFO [main] org.apache.catalina.startup.VersionLoggerListener.log Command line argument: -Dcatalina.base=/usr/local/tomcat
22-Jul-2026 14:50:17.225 INFO [main] org.apache.catalina.startup.VersionLoggerListener.log Command line argument: -Dcatalina.home=/usr/local/tomcat
22-Jul-2026 14:50:17.226 INFO [main] org.apache.catalina.startup.VersionLoggerListener.log Command line argument: -Djava.io.tmpdir=/usr/local/tomcat/temp
22-Jul-2026 14:50:17.244 INFO [main] org.apache.catalina.core.AprLifecycleListener.lifecycleEvent Loaded Apache Tomcat Native library [1.2.37] using APR version [1.7.0].
22-Jul-2026 14:50:17.257 INFO [main] org.apache.catalina.core.AprLifecycleListener.lifecycleEvent APR capabilities: IPv6 [true], sendfile [true], accept filters [false], random [true], UDS [true].
22-Jul-2026 14:50:17.257 INFO [main] org.apache.catalina.core.AprLifecycleListener.lifecycleEvent APR/OpenSSL configuration: useAprConnector [false], useOpenSSL [true]
22-Jul-2026 14:50:17.282 INFO [main] org.apache.catalina.core.AprLifecycleListener.initializeSSL OpenSSL successfully initialized [OpenSSL 3.0.2 15 Mar 2022]
22-Jul-2026 14:50:18.444 INFO [main] org.apache.coyote.AbstractProtocol.init Initializing ProtocolHandler ["http-nio-8080"]
22-Jul-2026 14:50:18.522 INFO [main] org.apache.catalina.startup.Catalina.load Server initialization in [2121] milliseconds
22-Jul-2026 14:50:18.675 INFO [main] org.apache.catalina.core.StandardService.startInternal Starting service [Catalina]
22-Jul-2026 14:50:18.676 INFO [main] org.apache.catalina.core.StandardEngine.startInternal Starting Servlet engine: [Apache Tomcat/9.0.78]
22-Jul-2026 14:50:18.792 INFO [main] org.apache.catalina.startup.HostConfig.deployWAR Deploying web application archive [/usr/local/tomcat/webapps/europass2#edci-issuer.war]
22-Jul-2026 14:50:18.854 INFO [main] org.apache.catalina.startup.ExpandWar.expand An expanded directory [/usr/local/tomcat/webapps/europass2#edci-issuer] was found with a last modified time that did not match the associated WAR. It will be deleted.
22-Jul-2026 14:52:55.307 SEVERE [main] org.apache.catalina.core.StandardContext.startInternal One or more listeners failed to start. Full details will be found in the appropriate container log file
22-Jul-2026 14:52:55.326 SEVERE [main] org.apache.catalina.core.StandardContext.startInternal Context [/europass2/edci-issuer] startup failed due to previous errors
22-Jul-2026 14:52:55.671 WARNING [main] org.apache.catalina.loader.WebappClassLoaderBase.clearReferencesThreads The web application [europass2#edci-issuer] appears to have started a thread named [Log4j2-TF-5-Scheduled-1] but has failed to stop it. This is very likely to create a memory leak. Stack trace of thread:
 java.base@11.0.20/jdk.internal.misc.Unsafe.park(Native Method)
 java.base@11.0.20/java.util.concurrent.locks.LockSupport.parkNanos(LockSupport.java:234)
 java.base@11.0.20/java.util.concurrent.locks.AbstractQueuedSynchronizer$ConditionObject.awaitNanos(AbstractQueuedSynchronizer.java:2123)
 java.base@11.0.20/java.util.concurrent.ScheduledThreadPoolExecutor$DelayedWorkQueue.take(ScheduledThreadPoolExecutor.java:1182)
 java.base@11.0.20/java.util.concurrent.ScheduledThreadPoolExecutor$DelayedWorkQueue.take(ScheduledThreadPoolExecutor.java:899)
 java.base@11.0.20/java.util.concurrent.ThreadPoolExecutor.getTask(ThreadPoolExecutor.java:1054)
 java.base@11.0.20/java.util.concurrent.ThreadPoolExecutor.runWorker(ThreadPoolExecutor.java:1114)
 java.base@11.0.20/java.util.concurrent.ThreadPoolExecutor$Worker.run(ThreadPoolExecutor.java:628)
 java.base@11.0.20/java.lang.Thread.run(Thread.java:829)
22-Jul-2026 14:52:55.677 SEVERE [main] org.apache.catalina.loader.WebappClassLoaderBase.checkThreadLocalMapForLeaks The web application [europass2#edci-issuer] created a ThreadLocal with key of type [java.lang.ThreadLocal.SuppliedThreadLocal] (value [java.lang.ThreadLocal$SuppliedThreadLocal@71328e69]) and a value of type [org.apache.logging.log4j.internal.DefaultLogBuilder] (value [org.apache.logging.log4j.internal.DefaultLogBuilder@47cccf9a]) but failed to remove it when the web application was stopped. Threads are going to be renewed over time to try and avoid a probable memory leak.
22-Jul-2026 14:52:55.702 INFO [main] org.apache.catalina.startup.HostConfig.deployWAR Deployment of web application archive [/usr/local/tomcat/webapps/europass2#edci-issuer.war] has finished in [156,911] ms
22-Jul-2026 14:52:55.709 INFO [main] org.apache.catalina.startup.HostConfig.deployWAR Deploying web application archive [/usr/local/tomcat/webapps/europass2#edci-issuer-swaggerUI.war]
22-Jul-2026 14:52:55.712 INFO [main] org.apache.catalina.startup.ExpandWar.expand An expanded directory [/usr/local/tomcat/webapps/europass2#edci-issuer-swaggerUI] was found with a last modified time that did not match the associated WAR. It will be deleted.
22-Jul-2026 14:53:16.306 WARNING [main] org.apache.catalina.startup.ClassLoaderFactory.validateFile Problem with directory [/usr/local/tomcat/lib/mysql], exists: [false], isDirectory: [false], canRead: [false]
22-Jul-2026 14:53:17.270 INFO [main] org.apache.catalina.startup.VersionLoggerListener.log Server version name:   Apache Tomcat/9.0.78
22-Jul-2026 14:53:17.272 INFO [main] org.apache.catalina.startup.VersionLoggerListener.log Server built:          Jul 4 2023 13:15:43 UTC
22-Jul-2026 14:53:17.272 INFO [main] org.apache.catalina.startup.VersionLoggerListener.log Server version number: 9.0.78.0
22-Jul-2026 14:53:17.274 INFO [main] org.apache.catalina.startup.VersionLoggerListener.log OS Name:               Linux
22-Jul-2026 14:53:17.274 INFO [main] org.apache.catalina.startup.VersionLoggerListener.log OS Version:            6.15.10-200.fc42.x86_64
22-Jul-2026 14:53:17.274 INFO [main] org.apache.catalina.startup.VersionLoggerListener.log Architecture:          amd64
22-Jul-2026 14:53:17.274 INFO [main] org.apache.catalina.startup.VersionLoggerListener.log Java Home:             /opt/java/openjdk
22-Jul-2026 14:53:17.274 INFO [main] org.apache.catalina.startup.VersionLoggerListener.log JVM Version:           11.0.20+8
22-Jul-2026 14:53:17.274 INFO [main] org.apache.catalina.startup.VersionLoggerListener.log JVM Vendor:            Eclipse Adoptium
22-Jul-2026 14:53:17.274 INFO [main] org.apache.catalina.startup.VersionLoggerListener.log CATALINA_BASE:         /usr/local/tomcat
22-Jul-2026 14:53:17.274 INFO [main] org.apache.catalina.startup.VersionLoggerListener.log CATALINA_HOME:         /usr/local/tomcat
22-Jul-2026 14:53:17.276 INFO [main] org.apache.catalina.startup.VersionLoggerListener.log Command line argument: --add-opens=java.base/java.lang=ALL-UNNAMED
22-Jul-2026 14:53:17.276 INFO [main] org.apache.catalina.startup.VersionLoggerListener.log Command line argument: --add-opens=java.base/java.io=ALL-UNNAMED
22-Jul-2026 14:53:17.277 INFO [main] org.apache.catalina.startup.VersionLoggerListener.log Command line argument: --add-opens=java.base/java.util=ALL-UNNAMED
22-Jul-2026 14:53:17.277 INFO [main] org.apache.catalina.startup.VersionLoggerListener.log Command line argument: --add-opens=java.base/java.util.concurrent=ALL-UNNAMED
22-Jul-2026 14:53:17.277 INFO [main] org.apache.catalina.startup.VersionLoggerListener.log Command line argument: --add-opens=java.rmi/sun.rmi.transport=ALL-UNNAMED
22-Jul-2026 14:53:17.277 INFO [main] org.apache.catalina.startup.VersionLoggerListener.log Command line argument: -Djava.util.logging.config.file=/usr/local/tomcat/conf/logging.properties
22-Jul-2026 14:53:17.277 INFO [main] org.apache.catalina.startup.VersionLoggerListener.log Command line argument: -Djava.util.logging.manager=org.apache.juli.ClassLoaderLogManager
22-Jul-2026 14:53:17.277 INFO [main] org.apache.catalina.startup.VersionLoggerListener.log Command line argument: -Djdk.tls.ephemeralDHKeySize=2048
22-Jul-2026 14:53:17.277 INFO [main] org.apache.catalina.startup.VersionLoggerListener.log Command line argument: -Djava.protocol.handler.pkgs=org.apache.catalina.webresources
22-Jul-2026 14:53:17.277 INFO [main] org.apache.catalina.startup.VersionLoggerListener.log Command line argument: -Dorg.apache.catalina.security.SecurityListener.UMASK=0027
22-Jul-2026 14:53:17.277 INFO [main] org.apache.catalina.startup.VersionLoggerListener.log Command line argument: -agentlib:jdwp=transport=dt_socket,address=8000,server=y,suspend=n
22-Jul-2026 14:53:17.277 INFO [main] org.apache.catalina.startup.VersionLoggerListener.log Command line argument: -Dignore.endorsed.dirs=
22-Jul-2026 14:53:17.277 INFO [main] org.apache.catalina.startup.VersionLoggerListener.log Command line argument: -Dcatalina.base=/usr/local/tomcat
22-Jul-2026 14:53:17.277 INFO [main] org.apache.catalina.startup.VersionLoggerListener.log Command line argument: -Dcatalina.home=/usr/local/tomcat
22-Jul-2026 14:53:17.277 INFO [main] org.apache.catalina.startup.VersionLoggerListener.log Command line argument: -Djava.io.tmpdir=/usr/local/tomcat/temp
22-Jul-2026 14:53:17.307 INFO [main] org.apache.catalina.core.AprLifecycleListener.lifecycleEvent Loaded Apache Tomcat Native library [1.2.37] using APR version [1.7.0].
22-Jul-2026 14:53:17.307 INFO [main] org.apache.catalina.core.AprLifecycleListener.lifecycleEvent APR capabilities: IPv6 [true], sendfile [true], accept filters [false], random [true], UDS [true].
22-Jul-2026 14:53:17.307 INFO [main] org.apache.catalina.core.AprLifecycleListener.lifecycleEvent APR/OpenSSL configuration: useAprConnector [false], useOpenSSL [true]
22-Jul-2026 14:53:17.344 INFO [main] org.apache.catalina.core.AprLifecycleListener.initializeSSL OpenSSL successfully initialized [OpenSSL 3.0.2 15 Mar 2022]
22-Jul-2026 14:53:18.420 INFO [main] org.apache.coyote.AbstractProtocol.init Initializing ProtocolHandler ["http-nio-8080"]
22-Jul-2026 14:53:18.469 INFO [main] org.apache.catalina.startup.Catalina.load Server initialization in [1917] milliseconds
22-Jul-2026 14:53:18.590 INFO [main] org.apache.catalina.core.StandardService.startInternal Starting service [Catalina]
22-Jul-2026 14:53:18.590 INFO [main] org.apache.catalina.core.StandardEngine.startInternal Starting Servlet engine: [Apache Tomcat/9.0.78]
22-Jul-2026 14:53:18.662 INFO [main] org.apache.catalina.startup.HostConfig.deployWAR Deploying web application archive [/usr/local/tomcat/webapps/europass2#edci-issuer.war]
22-Jul-2026 14:53:18.720 INFO [main] org.apache.catalina.startup.ExpandWar.expand An expanded directory [/usr/local/tomcat/webapps/europass2#edci-issuer] was found with a last modified time that did not match the associated WAR. It will be deleted.
22-Jul-2026 14:54:47.740 SEVERE [main] org.apache.catalina.core.StandardContext.startInternal One or more listeners failed to start. Full details will be found in the appropriate container log file
22-Jul-2026 14:54:47.758 SEVERE [main] org.apache.catalina.core.StandardContext.startInternal Context [/europass2/edci-issuer] startup failed due to previous errors
22-Jul-2026 14:54:47.972 WARNING [main] org.apache.catalina.loader.WebappClassLoaderBase.clearReferencesThreads The web application [europass2#edci-issuer] appears to have started a thread named [Log4j2-TF-5-Scheduled-1] but has failed to stop it. This is very likely to create a memory leak. Stack trace of thread:
 java.base@11.0.20/jdk.internal.misc.Unsafe.park(Native Method)
 java.base@11.0.20/java.util.concurrent.locks.LockSupport.parkNanos(LockSupport.java:234)
 java.base@11.0.20/java.util.concurrent.locks.AbstractQueuedSynchronizer$ConditionObject.awaitNanos(AbstractQueuedSynchronizer.java:2123)
 java.base@11.0.20/java.util.concurrent.ScheduledThreadPoolExecutor$DelayedWorkQueue.take(ScheduledThreadPoolExecutor.java:1182)
 java.base@11.0.20/java.util.concurrent.ScheduledThreadPoolExecutor$DelayedWorkQueue.take(ScheduledThreadPoolExecutor.java:899)
 java.base@11.0.20/java.util.concurrent.ThreadPoolExecutor.getTask(ThreadPoolExecutor.java:1054)
 java.base@11.0.20/java.util.concurrent.ThreadPoolExecutor.runWorker(ThreadPoolExecutor.java:1114)
 java.base@11.0.20/java.util.concurrent.ThreadPoolExecutor$Worker.run(ThreadPoolExecutor.java:628)
 java.base@11.0.20/java.lang.Thread.run(Thread.java:829)
22-Jul-2026 14:54:47.985 SEVERE [main] org.apache.catalina.loader.WebappClassLoaderBase.checkThreadLocalMapForLeaks The web application [europass2#edci-issuer] created a ThreadLocal with key of type [java.lang.ThreadLocal.SuppliedThreadLocal] (value [java.lang.ThreadLocal$SuppliedThreadLocal@71328e69]) and a value of type [org.apache.logging.log4j.internal.DefaultLogBuilder] (value [org.apache.logging.log4j.internal.DefaultLogBuilder@47cccf9a]) but failed to remove it when the web application was stopped. Threads are going to be renewed over time to try and avoid a probable memory leak.
22-Jul-2026 14:54:48.022 INFO [main] org.apache.catalina.startup.HostConfig.deployWAR Deployment of web application archive [/usr/local/tomcat/webapps/europass2#edci-issuer.war] has finished in [89,357] ms
22-Jul-2026 14:54:48.030 INFO [main] org.apache.catalina.startup.HostConfig.deployWAR Deploying web application archive [/usr/local/tomcat/webapps/europass2#edci-issuer-swaggerUI.war]
22-Jul-2026 14:54:48.043 INFO [main] org.apache.catalina.startup.ExpandWar.expand An expanded directory [/usr/local/tomcat/webapps/europass2#edci-issuer-swaggerUI] was found with a last modified time that did not match the associated WAR. It will be deleted.
22-Jul-2026 14:55:39.950 WARNING [main] org.apache.catalina.startup.ClassLoaderFactory.validateFile Problem with directory [/usr/local/tomcat/lib/mysql], exists: [false], isDirectory: [false], canRead: [false]
22-Jul-2026 14:55:40.451 INFO [main] org.apache.catalina.startup.VersionLoggerListener.log Server version name:   Apache Tomcat/9.0.78
22-Jul-2026 14:55:40.452 INFO [main] org.apache.catalina.startup.VersionLoggerListener.log Server built:          Jul 4 2023 13:15:43 UTC
22-Jul-2026 14:55:40.452 INFO [main] org.apache.catalina.startup.VersionLoggerListener.log Server version number: 9.0.78.0
22-Jul-2026 14:55:40.452 INFO [main] org.apache.catalina.startup.VersionLoggerListener.log OS Name:               Linux
22-Jul-2026 14:55:40.452 INFO [main] org.apache.catalina.startup.VersionLoggerListener.log OS Version:            6.15.10-200.fc42.x86_64
22-Jul-2026 14:55:40.452 INFO [main] org.apache.catalina.startup.VersionLoggerListener.log Architecture:          amd64
22-Jul-2026 14:55:40.452 INFO [main] org.apache.catalina.startup.VersionLoggerListener.log Java Home:             /opt/java/openjdk
22-Jul-2026 14:55:40.452 INFO [main] org.apache.catalina.startup.VersionLoggerListener.log JVM Version:           11.0.20+8
22-Jul-2026 14:55:40.452 INFO [main] org.apache.catalina.startup.VersionLoggerListener.log JVM Vendor:            Eclipse Adoptium
22-Jul-2026 14:55:40.452 INFO [main] org.apache.catalina.startup.VersionLoggerListener.log CATALINA_BASE:         /usr/local/tomcat
22-Jul-2026 14:55:40.452 INFO [main] org.apache.catalina.startup.VersionLoggerListener.log CATALINA_HOME:         /usr/local/tomcat
22-Jul-2026 14:55:40.457 INFO [main] org.apache.catalina.startup.VersionLoggerListener.log Command line argument: --add-opens=java.base/java.lang=ALL-UNNAMED
22-Jul-2026 14:55:40.457 INFO [main] org.apache.catalina.startup.VersionLoggerListener.log Command line argument: --add-opens=java.base/java.io=ALL-UNNAMED
22-Jul-2026 14:55:40.457 INFO [main] org.apache.catalina.startup.VersionLoggerListener.log Command line argument: --add-opens=java.base/java.util=ALL-UNNAMED
22-Jul-2026 14:55:40.457 INFO [main] org.apache.catalina.startup.VersionLoggerListener.log Command line argument: --add-opens=java.base/java.util.concurrent=ALL-UNNAMED
22-Jul-2026 14:55:40.457 INFO [main] org.apache.catalina.startup.VersionLoggerListener.log Command line argument: --add-opens=java.rmi/sun.rmi.transport=ALL-UNNAMED
22-Jul-2026 14:55:40.457 INFO [main] org.apache.catalina.startup.VersionLoggerListener.log Command line argument: -Djava.util.logging.config.file=/usr/local/tomcat/conf/logging.properties
22-Jul-2026 14:55:40.457 INFO [main] org.apache.catalina.startup.VersionLoggerListener.log Command line argument: -Djava.util.logging.manager=org.apache.juli.ClassLoaderLogManager
22-Jul-2026 14:55:40.458 INFO [main] org.apache.catalina.startup.VersionLoggerListener.log Command line argument: -Djdk.tls.ephemeralDHKeySize=2048
22-Jul-2026 14:55:40.458 INFO [main] org.apache.catalina.startup.VersionLoggerListener.log Command line argument: -Djava.protocol.handler.pkgs=org.apache.catalina.webresources
22-Jul-2026 14:55:40.458 INFO [main] org.apache.catalina.startup.VersionLoggerListener.log Command line argument: -Dorg.apache.catalina.security.SecurityListener.UMASK=0027
22-Jul-2026 14:55:40.458 INFO [main] org.apache.catalina.startup.VersionLoggerListener.log Command line argument: -agentlib:jdwp=transport=dt_socket,address=8000,server=y,suspend=n
22-Jul-2026 14:55:40.458 INFO [main] org.apache.catalina.startup.VersionLoggerListener.log Command line argument: -Dignore.endorsed.dirs=
22-Jul-2026 14:55:40.458 INFO [main] org.apache.catalina.startup.VersionLoggerListener.log Command line argument: -Dcatalina.base=/usr/local/tomcat
22-Jul-2026 14:55:40.458 INFO [main] org.apache.catalina.startup.VersionLoggerListener.log Command line argument: -Dcatalina.home=/usr/local/tomcat
22-Jul-2026 14:55:40.458 INFO [main] org.apache.catalina.startup.VersionLoggerListener.log Command line argument: -Djava.io.tmpdir=/usr/local/tomcat/temp
22-Jul-2026 14:55:40.479 INFO [main] org.apache.catalina.core.AprLifecycleListener.lifecycleEvent Loaded Apache Tomcat Native library [1.2.37] using APR version [1.7.0].
22-Jul-2026 14:55:40.479 INFO [main] org.apache.catalina.core.AprLifecycleListener.lifecycleEvent APR capabilities: IPv6 [true], sendfile [true], accept filters [false], random [true], UDS [true].
22-Jul-2026 14:55:40.479 INFO [main] org.apache.catalina.core.AprLifecycleListener.lifecycleEvent APR/OpenSSL configuration: useAprConnector [false], useOpenSSL [true]
22-Jul-2026 14:55:40.502 INFO [main] org.apache.catalina.core.AprLifecycleListener.initializeSSL OpenSSL successfully initialized [OpenSSL 3.0.2 15 Mar 2022]
22-Jul-2026 14:55:41.209 INFO [main] org.apache.coyote.AbstractProtocol.init Initializing ProtocolHandler ["http-nio-8080"]
22-Jul-2026 14:55:41.252 INFO [main] org.apache.catalina.startup.Catalina.load Server initialization in [1121] milliseconds
22-Jul-2026 14:55:41.403 INFO [main] org.apache.catalina.core.StandardService.startInternal Starting service [Catalina]
22-Jul-2026 14:55:41.404 INFO [main] org.apache.catalina.core.StandardEngine.startInternal Starting Servlet engine: [Apache Tomcat/9.0.78]
22-Jul-2026 14:55:41.459 INFO [main] org.apache.catalina.startup.HostConfig.deployWAR Deploying web application archive [/usr/local/tomcat/webapps/europass2#edci-issuer.war]
22-Jul-2026 14:55:41.514 INFO [main] org.apache.catalina.startup.ExpandWar.expand An expanded directory [/usr/local/tomcat/webapps/europass2#edci-issuer] was found with a last modified time that did not match the associated WAR. It will be deleted.
22-Jul-2026 14:57:04.215 WARNING [main] org.apache.catalina.startup.ClassLoaderFactory.validateFile Problem with directory [/usr/local/tomcat/lib/mysql], exists: [false], isDirectory: [false], canRead: [false]
22-Jul-2026 14:57:07.499 INFO [main] org.apache.catalina.startup.VersionLoggerListener.log Server version name:   Apache Tomcat/9.0.78
22-Jul-2026 14:57:07.513 INFO [main] org.apache.catalina.startup.VersionLoggerListener.log Server built:          Jul 4 2023 13:15:43 UTC
22-Jul-2026 14:57:07.513 INFO [main] org.apache.catalina.startup.VersionLoggerListener.log Server version number: 9.0.78.0
22-Jul-2026 14:57:07.514 INFO [main] org.apache.catalina.startup.VersionLoggerListener.log OS Name:               Linux
22-Jul-2026 14:57:07.514 INFO [main] org.apache.catalina.startup.VersionLoggerListener.log OS Version:            6.15.10-200.fc42.x86_64
22-Jul-2026 14:57:07.515 INFO [main] org.apache.catalina.startup.VersionLoggerListener.log Architecture:          amd64
22-Jul-2026 14:57:07.516 INFO [main] org.apache.catalina.startup.VersionLoggerListener.log Java Home:             /opt/java/openjdk
22-Jul-2026 14:57:07.517 INFO [main] org.apache.catalina.startup.VersionLoggerListener.log JVM Version:           11.0.20+8
22-Jul-2026 14:57:07.517 INFO [main] org.apache.catalina.startup.VersionLoggerListener.log JVM Vendor:            Eclipse Adoptium
22-Jul-2026 14:57:07.527 INFO [main] org.apache.catalina.startup.VersionLoggerListener.log CATALINA_BASE:         /usr/local/tomcat
22-Jul-2026 14:57:07.529 INFO [main] org.apache.catalina.startup.VersionLoggerListener.log CATALINA_HOME:         /usr/local/tomcat
22-Jul-2026 14:57:07.530 INFO [main] org.apache.catalina.startup.VersionLoggerListener.log Command line argument: --add-opens=java.base/java.lang=ALL-UNNAMED
22-Jul-2026 14:57:07.531 INFO [main] org.apache.catalina.startup.VersionLoggerListener.log Command line argument: --add-opens=java.base/java.io=ALL-UNNAMED
22-Jul-2026 14:57:07.531 INFO [main] org.apache.catalina.startup.VersionLoggerListener.log Command line argument: --add-opens=java.base/java.util=ALL-UNNAMED
22-Jul-2026 14:57:07.531 INFO [main] org.apache.catalina.startup.VersionLoggerListener.log Command line argument: --add-opens=java.base/java.util.concurrent=ALL-UNNAMED
22-Jul-2026 14:57:07.531 INFO [main] org.apache.catalina.startup.VersionLoggerListener.log Command line argument: --add-opens=java.rmi/sun.rmi.transport=ALL-UNNAMED
22-Jul-2026 14:57:07.531 INFO [main] org.apache.catalina.startup.VersionLoggerListener.log Command line argument: -Djava.util.logging.config.file=/usr/local/tomcat/conf/logging.properties
22-Jul-2026 14:57:07.531 INFO [main] org.apache.catalina.startup.VersionLoggerListener.log Command line argument: -Djava.util.logging.manager=org.apache.juli.ClassLoaderLogManager
22-Jul-2026 14:57:07.531 INFO [main] org.apache.catalina.startup.VersionLoggerListener.log Command line argument: -Djdk.tls.ephemeralDHKeySize=2048
22-Jul-2026 14:57:07.531 INFO [main] org.apache.catalina.startup.VersionLoggerListener.log Command line argument: -Djava.protocol.handler.pkgs=org.apache.catalina.webresources
22-Jul-2026 14:57:07.531 INFO [main] org.apache.catalina.startup.VersionLoggerListener.log Command line argument: -Dorg.apache.catalina.security.SecurityListener.UMASK=0027
22-Jul-2026 14:57:07.537 INFO [main] org.apache.catalina.startup.VersionLoggerListener.log Command line argument: -agentlib:jdwp=transport=dt_socket,address=8000,server=y,suspend=n
22-Jul-2026 14:57:07.537 INFO [main] org.apache.catalina.startup.VersionLoggerListener.log Command line argument: -Dignore.endorsed.dirs=
22-Jul-2026 14:57:07.537 INFO [main] org.apache.catalina.startup.VersionLoggerListener.log Command line argument: -Dcatalina.base=/usr/local/tomcat
22-Jul-2026 14:57:07.538 INFO [main] org.apache.catalina.startup.VersionLoggerListener.log Command line argument: -Dcatalina.home=/usr/local/tomcat
22-Jul-2026 14:57:07.545 INFO [main] org.apache.catalina.startup.VersionLoggerListener.log Command line argument: -Djava.io.tmpdir=/usr/local/tomcat/temp
22-Jul-2026 14:57:07.562 INFO [main] org.apache.catalina.core.AprLifecycleListener.lifecycleEvent Loaded Apache Tomcat Native library [1.2.37] using APR version [1.7.0].
22-Jul-2026 14:57:07.562 INFO [main] org.apache.catalina.core.AprLifecycleListener.lifecycleEvent APR capabilities: IPv6 [true], sendfile [true], accept filters [false], random [true], UDS [true].
22-Jul-2026 14:57:07.562 INFO [main] org.apache.catalina.core.AprLifecycleListener.lifecycleEvent APR/OpenSSL configuration: useAprConnector [false], useOpenSSL [true]
22-Jul-2026 14:57:07.581 INFO [main] org.apache.catalina.core.AprLifecycleListener.initializeSSL OpenSSL successfully initialized [OpenSSL 3.0.2 15 Mar 2022]
22-Jul-2026 14:57:11.652 INFO [main] org.apache.coyote.AbstractProtocol.init Initializing ProtocolHandler ["http-nio-8080"]
22-Jul-2026 14:57:11.994 INFO [main] org.apache.catalina.startup.Catalina.load Server initialization in [5764] milliseconds
22-Jul-2026 14:57:12.484 INFO [main] org.apache.catalina.core.StandardService.startInternal Starting service [Catalina]
22-Jul-2026 14:57:12.484 INFO [main] org.apache.catalina.core.StandardEngine.startInternal Starting Servlet engine: [Apache Tomcat/9.0.78]
22-Jul-2026 14:57:12.542 INFO [main] org.apache.catalina.startup.HostConfig.deployWAR Deploying web application archive [/usr/local/tomcat/webapps/europass2#edci-issuer.war]
22-Jul-2026 14:57:12.630 INFO [main] org.apache.catalina.startup.ExpandWar.expand An expanded directory [/usr/local/tomcat/webapps/europass2#edci-issuer] was found with a last modified time that did not match the associated WAR. It will be deleted.
22-Jul-2026 14:59:07.193 SEVERE [main] org.apache.catalina.core.StandardContext.startInternal One or more listeners failed to start. Full details will be found in the appropriate container log file
22-Jul-2026 14:59:07.224 SEVERE [main] org.apache.catalina.core.StandardContext.startInternal Context [/europass2/edci-issuer] startup failed due to previous errors
22-Jul-2026 14:59:08.582 WARNING [main] org.apache.catalina.loader.WebappClassLoaderBase.clearReferencesThreads The web application [europass2#edci-issuer] appears to have started a thread named [Log4j2-TF-5-Scheduled-1] but has failed to stop it. This is very likely to create a memory leak. Stack trace of thread:
 java.base@11.0.20/jdk.internal.misc.Unsafe.park(Native Method)
 java.base@11.0.20/java.util.concurrent.locks.LockSupport.parkNanos(LockSupport.java:234)
 java.base@11.0.20/java.util.concurrent.locks.AbstractQueuedSynchronizer$ConditionObject.awaitNanos(AbstractQueuedSynchronizer.java:2123)
 java.base@11.0.20/java.util.concurrent.ScheduledThreadPoolExecutor$DelayedWorkQueue.take(ScheduledThreadPoolExecutor.java:1182)
 java.base@11.0.20/java.util.concurrent.ScheduledThreadPoolExecutor$DelayedWorkQueue.take(ScheduledThreadPoolExecutor.java:899)
 java.base@11.0.20/java.util.concurrent.ThreadPoolExecutor.getTask(ThreadPoolExecutor.java:1054)
 java.base@11.0.20/java.util.concurrent.ThreadPoolExecutor.runWorker(ThreadPoolExecutor.java:1114)
 java.base@11.0.20/java.util.concurrent.ThreadPoolExecutor$Worker.run(ThreadPoolExecutor.java:628)
 java.base@11.0.20/java.lang.Thread.run(Thread.java:829)
22-Jul-2026 14:59:08.613 SEVERE [main] org.apache.catalina.loader.WebappClassLoaderBase.checkThreadLocalMapForLeaks The web application [europass2#edci-issuer] created a ThreadLocal with key of type [java.lang.ThreadLocal.SuppliedThreadLocal] (value [java.lang.ThreadLocal$SuppliedThreadLocal@71328e69]) and a value of type [org.apache.logging.log4j.internal.DefaultLogBuilder] (value [org.apache.logging.log4j.internal.DefaultLogBuilder@47cccf9a]) but failed to remove it when the web application was stopped. Threads are going to be renewed over time to try and avoid a probable memory leak.
22-Jul-2026 14:59:08.776 INFO [main] org.apache.catalina.startup.HostConfig.deployWAR Deployment of web application archive [/usr/local/tomcat/webapps/europass2#edci-issuer.war] has finished in [116,209] ms
22-Jul-2026 14:59:08.785 INFO [main] org.apache.catalina.startup.HostConfig.deployWAR Deploying web application archive [/usr/local/tomcat/webapps/europass2#edci-issuer-swaggerUI.war]
22-Jul-2026 14:59:08.819 INFO [main] org.apache.catalina.startup.ExpandWar.expand An expanded directory [/usr/local/tomcat/webapps/europass2#edci-issuer-swaggerUI] was found with a last modified time that did not match the associated WAR. It will be deleted.
22-Jul-2026 15:00:44.521 INFO [main] org.apache.jasper.servlet.TldScanner.scanJars At least one JAR was scanned for TLDs yet contained no TLDs. Enable debug logging for this logger for a complete list of JARs that were scanned but no TLDs were found in them. Skipping unneeded JARs during scanning can improve startup time and JSP compilation time.
22-Jul-2026 15:00:44.654 INFO [main] org.apache.catalina.startup.HostConfig.deployWAR Deployment of web application archive [/usr/local/tomcat/webapps/europass2#edci-issuer-swaggerUI.war] has finished in [95,868] ms
22-Jul-2026 15:00:44.685 INFO [main] org.apache.coyote.AbstractProtocol.start Starting ProtocolHandler ["http-nio-8080"]
22-Jul-2026 15:00:44.753 INFO [main] org.apache.catalina.startup.Catalina.start Server startup in [212749] milliseconds
22-Jul-2026 15:01:10.589 WARNING [main] org.apache.catalina.startup.ClassLoaderFactory.validateFile Problem with directory [/usr/local/tomcat/lib/mysql], exists: [false], isDirectory: [false], canRead: [false]
22-Jul-2026 15:01:13.438 INFO [main] org.apache.catalina.startup.VersionLoggerListener.log Server version name:   Apache Tomcat/9.0.78
22-Jul-2026 15:01:13.443 INFO [main] org.apache.catalina.startup.VersionLoggerListener.log Server built:          Jul 4 2023 13:15:43 UTC
22-Jul-2026 15:01:13.443 INFO [main] org.apache.catalina.startup.VersionLoggerListener.log Server version number: 9.0.78.0
22-Jul-2026 15:01:13.443 INFO [main] org.apache.catalina.startup.VersionLoggerListener.log OS Name:               Linux
22-Jul-2026 15:01:13.446 INFO [main] org.apache.catalina.startup.VersionLoggerListener.log OS Version:            6.15.10-200.fc42.x86_64
22-Jul-2026 15:01:13.447 INFO [main] org.apache.catalina.startup.VersionLoggerListener.log Architecture:          amd64
22-Jul-2026 15:01:13.448 INFO [main] org.apache.catalina.startup.VersionLoggerListener.log Java Home:             /opt/java/openjdk
22-Jul-2026 15:01:13.449 INFO [main] org.apache.catalina.startup.VersionLoggerListener.log JVM Version:           11.0.20+8
22-Jul-2026 15:01:13.449 INFO [main] org.apache.catalina.startup.VersionLoggerListener.log JVM Vendor:            Eclipse Adoptium
22-Jul-2026 15:01:13.449 INFO [main] org.apache.catalina.startup.VersionLoggerListener.log CATALINA_BASE:         /usr/local/tomcat
22-Jul-2026 15:01:13.451 INFO [main] org.apache.catalina.startup.VersionLoggerListener.log CATALINA_HOME:         /usr/local/tomcat
22-Jul-2026 15:01:13.457 INFO [main] org.apache.catalina.startup.VersionLoggerListener.log Command line argument: --add-opens=java.base/java.lang=ALL-UNNAMED
22-Jul-2026 15:01:13.457 INFO [main] org.apache.catalina.startup.VersionLoggerListener.log Command line argument: --add-opens=java.base/java.io=ALL-UNNAMED
22-Jul-2026 15:01:13.458 INFO [main] org.apache.catalina.startup.VersionLoggerListener.log Command line argument: --add-opens=java.base/java.util=ALL-UNNAMED
22-Jul-2026 15:01:13.458 INFO [main] org.apache.catalina.startup.VersionLoggerListener.log Command line argument: --add-opens=java.base/java.util.concurrent=ALL-UNNAMED
22-Jul-2026 15:01:13.458 INFO [main] org.apache.catalina.startup.VersionLoggerListener.log Command line argument: --add-opens=java.rmi/sun.rmi.transport=ALL-UNNAMED
22-Jul-2026 15:01:13.458 INFO [main] org.apache.catalina.startup.VersionLoggerListener.log Command line argument: -Djava.util.logging.config.file=/usr/local/tomcat/conf/logging.properties
22-Jul-2026 15:01:13.458 INFO [main] org.apache.catalina.startup.VersionLoggerListener.log Command line argument: -Djava.util.logging.manager=org.apache.juli.ClassLoaderLogManager
22-Jul-2026 15:01:13.459 INFO [main] org.apache.catalina.startup.VersionLoggerListener.log Command line argument: -Djdk.tls.ephemeralDHKeySize=2048
22-Jul-2026 15:01:13.460 INFO [main] org.apache.catalina.startup.VersionLoggerListener.log Command line argument: -Djava.protocol.handler.pkgs=org.apache.catalina.webresources
22-Jul-2026 15:01:13.460 INFO [main] org.apache.catalina.startup.VersionLoggerListener.log Command line argument: -Dorg.apache.catalina.security.SecurityListener.UMASK=0027
22-Jul-2026 15:01:13.460 INFO [main] org.apache.catalina.startup.VersionLoggerListener.log Command line argument: -agentlib:jdwp=transport=dt_socket,address=8000,server=y,suspend=n
22-Jul-2026 15:01:13.460 INFO [main] org.apache.catalina.startup.VersionLoggerListener.log Command line argument: -Dignore.endorsed.dirs=
22-Jul-2026 15:01:13.460 INFO [main] org.apache.catalina.startup.VersionLoggerListener.log Command line argument: -Dcatalina.base=/usr/local/tomcat
22-Jul-2026 15:01:13.460 INFO [main] org.apache.catalina.startup.VersionLoggerListener.log Command line argument: -Dcatalina.home=/usr/local/tomcat
22-Jul-2026 15:01:13.461 INFO [main] org.apache.catalina.startup.VersionLoggerListener.log Command line argument: -Djava.io.tmpdir=/usr/local/tomcat/temp
22-Jul-2026 15:01:13.544 INFO [main] org.apache.catalina.core.AprLifecycleListener.lifecycleEvent Loaded Apache Tomcat Native library [1.2.37] using APR version [1.7.0].
22-Jul-2026 15:01:13.545 INFO [main] org.apache.catalina.core.AprLifecycleListener.lifecycleEvent APR capabilities: IPv6 [true], sendfile [true], accept filters [false], random [true], UDS [true].
22-Jul-2026 15:01:13.545 INFO [main] org.apache.catalina.core.AprLifecycleListener.lifecycleEvent APR/OpenSSL configuration: useAprConnector [false], useOpenSSL [true]
22-Jul-2026 15:01:13.595 INFO [main] org.apache.catalina.core.AprLifecycleListener.initializeSSL OpenSSL successfully initialized [OpenSSL 3.0.2 15 Mar 2022]
22-Jul-2026 15:01:16.153 INFO [main] org.apache.coyote.AbstractProtocol.init Initializing ProtocolHandler ["http-nio-8080"]
22-Jul-2026 15:01:16.276 INFO [main] org.apache.catalina.startup.Catalina.load Server initialization in [4084] milliseconds
22-Jul-2026 15:01:16.423 INFO [main] org.apache.catalina.core.StandardService.startInternal Starting service [Catalina]
22-Jul-2026 15:01:16.423 INFO [main] org.apache.catalina.core.StandardEngine.startInternal Starting Servlet engine: [Apache Tomcat/9.0.78]
22-Jul-2026 15:01:16.454 INFO [main] org.apache.catalina.startup.HostConfig.deployWAR Deploying web application archive [/usr/local/tomcat/webapps/europass2#edci-issuer.war]
22-Jul-2026 15:01:16.480 INFO [main] org.apache.catalina.startup.ExpandWar.expand An expanded directory [/usr/local/tomcat/webapps/europass2#edci-issuer] was found with a last modified time that did not match the associated WAR. It will be deleted.
22-Jul-2026 15:01:37.648 SEVERE [main] org.apache.catalina.core.StandardContext.startInternal One or more listeners failed to start. Full details will be found in the appropriate container log file
22-Jul-2026 15:01:37.653 SEVERE [main] org.apache.catalina.core.StandardContext.startInternal Context [/europass2/edci-issuer] startup failed due to previous errors
22-Jul-2026 15:01:37.738 WARNING [main] org.apache.catalina.loader.WebappClassLoaderBase.clearReferencesThreads The web application [europass2#edci-issuer] appears to have started a thread named [Log4j2-TF-5-Scheduled-1] but has failed to stop it. This is very likely to create a memory leak. Stack trace of thread:
 java.base@11.0.20/jdk.internal.misc.Unsafe.park(Native Method)
 java.base@11.0.20/java.util.concurrent.locks.LockSupport.parkNanos(LockSupport.java:234)
 java.base@11.0.20/java.util.concurrent.locks.AbstractQueuedSynchronizer$ConditionObject.awaitNanos(AbstractQueuedSynchronizer.java:2123)
 java.base@11.0.20/java.util.concurrent.ScheduledThreadPoolExecutor$DelayedWorkQueue.take(ScheduledThreadPoolExecutor.java:1182)
 java.base@11.0.20/java.util.concurrent.ScheduledThreadPoolExecutor$DelayedWorkQueue.take(ScheduledThreadPoolExecutor.java:899)
 java.base@11.0.20/java.util.concurrent.ThreadPoolExecutor.getTask(ThreadPoolExecutor.java:1054)
 java.base@11.0.20/java.util.concurrent.ThreadPoolExecutor.runWorker(ThreadPoolExecutor.java:1114)
 java.base@11.0.20/java.util.concurrent.ThreadPoolExecutor$Worker.run(ThreadPoolExecutor.java:628)
 java.base@11.0.20/java.lang.Thread.run(Thread.java:829)
22-Jul-2026 15:01:37.740 SEVERE [main] org.apache.catalina.loader.WebappClassLoaderBase.checkThreadLocalMapForLeaks The web application [europass2#edci-issuer] created a ThreadLocal with key of type [java.lang.ThreadLocal.SuppliedThreadLocal] (value [java.lang.ThreadLocal$SuppliedThreadLocal@ffcadf8]) and a value of type [org.apache.logging.log4j.internal.DefaultLogBuilder] (value [org.apache.logging.log4j.internal.DefaultLogBuilder@f151043]) but failed to remove it when the web application was stopped. Threads are going to be renewed over time to try and avoid a probable memory leak.
22-Jul-2026 15:01:37.750 INFO [main] org.apache.catalina.startup.HostConfig.deployWAR Deployment of web application archive [/usr/local/tomcat/webapps/europass2#edci-issuer.war] has finished in [21,297] ms
22-Jul-2026 15:01:37.752 INFO [main] org.apache.catalina.startup.HostConfig.deployWAR Deploying web application archive [/usr/local/tomcat/webapps/europass2#edci-issuer-swaggerUI.war]
22-Jul-2026 15:01:37.754 INFO [main] org.apache.catalina.startup.ExpandWar.expand An expanded directory [/usr/local/tomcat/webapps/europass2#edci-issuer-swaggerUI] was found with a last modified time that did not match the associated WAR. It will be deleted.
22-Jul-2026 15:01:45.085 INFO [main] org.apache.jasper.servlet.TldScanner.scanJars At least one JAR was scanned for TLDs yet contained no TLDs. Enable debug logging for this logger for a complete list of JARs that were scanned but no TLDs were found in them. Skipping unneeded JARs during scanning can improve startup time and JSP compilation time.
22-Jul-2026 15:01:45.101 INFO [main] org.apache.catalina.startup.HostConfig.deployWAR Deployment of web application archive [/usr/local/tomcat/webapps/europass2#edci-issuer-swaggerUI.war] has finished in [7,349] ms
22-Jul-2026 15:01:45.107 INFO [main] org.apache.coyote.AbstractProtocol.start Starting ProtocolHandler ["http-nio-8080"]
22-Jul-2026 15:01:45.126 INFO [main] org.apache.catalina.startup.Catalina.start Server startup in [28849] milliseconds
